<?xml version="1.0" encoding="UTF-8"?>
<!-- Generated by org.testng.reporters.JUnitXMLReporter -->
<testsuite hostname="TANSAHU-IN" ignored="0" name="Default test" tests="3" failures="0" timestamp="2020-11-07T15:37:36 IST" time="13.568" errors="0">
  <testcase name="navigateToWeatherPage" time="8.561" classname="uiTests.WeatherTest"/>
  <testcase name="pinCityInWeatherPageTest" time="4.244" classname="uiTests.WeatherTest"/>
  <testcase name="validateSelectingCityOnMapRevealsTempDetailstest" time="0.691" classname="uiTests.WeatherTest"/>
</testsuite> <!-- Default test -->
