<?xml version="1.0" encoding="UTF-8"?>
<!-- Generated by org.testng.reporters.JUnitXMLReporter -->
<testsuite hostname="TANSAHU-IN" ignored="0" name="Test" tests="6" failures="1" timestamp="2020-11-10T01:05:43 IST" time="9.658" errors="0">
  <testcase name="getWeatherByCityTest" time="5.03" classname="com.apiTests.WeatherAPITest"/>
  <testcase name="navigateToWeatherPageTest" time="7.848" classname="com.uiTests.WeatherTest"/>
  <testcase name="pinCityInWeatherPageTest" time="1.198" classname="com.uiTests.WeatherTest"/>
  <testcase name="validateSelectingCityOnMapRevealsTempDetailstest" time="0.451" classname="com.uiTests.WeatherTest"/>
  <testcase name="getTemparatureDetailsOfCityTest" time="0.038" classname="com.uiTests.WeatherTest"/>
  <testcase name="compareUiAndApiTemperatureTest" time="0.002" classname="com.comparisonTests.ComparatorTests">
    <failure type="com.utils.CustomException" message="unequal temperature: The temperature in ndtv does not match with openWeather API">
      <![CDATA[com.utils.CustomException: unequal temperature: The temperature in ndtv does not match with openWeather API
at com.utils.Comparator.compareTwoObjets(Comparator.java:14)
at com.comparisonTests.ComparatorTests.compareUiAndApiTemperatureTest(ComparatorTests.java:23)
at java.util.concurrent.ThreadPoolExecutor.runWorker(Unknown Source)
at java.util.concurrent.ThreadPoolExecutor$Worker.run(Unknown Source)
at java.lang.Thread.run(Unknown Source)
... Removed 12 stack frames]]>
    </failure>
  </testcase> <!-- compareUiAndApiTemperatureTest -->
</testsuite> <!-- Test -->
