<?xml version="1.0" encoding="UTF-8"?>
<testng-results skipped="0" failed="0" ignored="0" total="3" passed="3">
  <reporter-output>
  </reporter-output>
  <suite name="Default suite" duration-ms="13568" started-at="2020-11-07T15:37:22 IST" finished-at="2020-11-07T15:37:36 IST">
    <groups>
    </groups>
    <test name="Default test" duration-ms="13568" started-at="2020-11-07T15:37:22 IST" finished-at="2020-11-07T15:37:36 IST">
      <class name="uiTests.WeatherTest">
        <test-method status="PASS" signature="setup()[pri:0, instance:uiTests.WeatherTest@7113b13f]" name="setup" is-config="true" duration-ms="7322" started-at="2020-11-07T15:37:15 IST" finished-at="2020-11-07T15:37:22 IST">
          <reporter-output>
          </reporter-output>
        </test-method> <!-- setup -->
        <test-method status="PASS" signature="navigateToWeatherPage()[pri:0, instance:uiTests.WeatherTest@7113b13f]" name="navigateToWeatherPage" duration-ms="8561" started-at="2020-11-07T15:37:22 IST" finished-at="2020-11-07T15:37:31 IST">
          <reporter-output>
          </reporter-output>
        </test-method> <!-- navigateToWeatherPage -->
        <test-method status="PASS" signature="pinCityInWeatherPageTest()[pri:1, instance:uiTests.WeatherTest@7113b13f]" name="pinCityInWeatherPageTest" duration-ms="4244" started-at="2020-11-07T15:37:31 IST" finished-at="2020-11-07T15:37:35 IST">
          <reporter-output>
          </reporter-output>
        </test-method> <!-- pinCityInWeatherPageTest -->
        <test-method status="PASS" signature="validateSelectingCityOnMapRevealsTempDetailstest()[pri:2, instance:uiTests.WeatherTest@7113b13f]" name="validateSelectingCityOnMapRevealsTempDetailstest" duration-ms="691" started-at="2020-11-07T15:37:35 IST" finished-at="2020-11-07T15:37:36 IST">
          <reporter-output>
          </reporter-output>
        </test-method> <!-- validateSelectingCityOnMapRevealsTempDetailstest -->
      </class> <!-- uiTests.WeatherTest -->
    </test> <!-- Default test -->
  </suite> <!-- Default suite -->
</testng-results>
